<?xml version="1.0" encoding="UTF-8"?>
<!-- Generated by org.testng.reporters.JUnitXMLReporter -->
<testsuite ignored="0" hostname="LAPTOP-7VJFG43V" failures="0" tests="11" name="Default test" time="45.365" errors="0" timestamp="2022-03-31T14:56:18 GMT-04:00">
  <testcase classname="final_Exam.FinalExam_Chetan" name="LoginWithWrongusername" time="2.746"/>
  <testcase classname="final_Exam.FinalExam_Chetan" name="LoginWithRightUsername" time="2.566"/>
  <testcase classname="final_Exam.FinalExam_Chetan" name="sorting" time="3.231"/>
  <testcase classname="final_Exam.FinalExam_Chetan" name="inventory" time="7.839"/>
  <testcase classname="final_Exam.FinalExam_Chetan" name="cart" time="1.198"/>
  <testcase classname="final_Exam.FinalExam_Chetan" name="removefromcart" time="6.263"/>
  <testcase classname="final_Exam.FinalExam_Chetan" name="goingback" time="4.402"/>
  <testcase classname="final_Exam.FinalExam_Chetan" name="checkout" time="2.177"/>
  <testcase classname="final_Exam.FinalExam_Chetan" name="checkout1" time="2.184"/>
  <testcase classname="final_Exam.FinalExam_Chetan" name="personaldetails" time="4.833"/>
  <testcase classname="final_Exam.FinalExam_Chetan" name="finalcheckout" time="1.857"/>
</testsuite> <!-- Default test -->
