<?xml version="1.0" encoding="UTF-8"?>
<testng-results ignored="0" total="11" passed="11" failed="0" skipped="0">
  <reporter-output>
  </reporter-output>
  <suite started-at="2022-03-31T14:55:33 GMT-04:00" name="Default suite" finished-at="2022-03-31T14:56:18 GMT-04:00" duration-ms="45365">
    <groups>
    </groups>
    <test started-at="2022-03-31T14:55:33 GMT-04:00" name="Default test" finished-at="2022-03-31T14:56:18 GMT-04:00" duration-ms="45365">
      <class name="final_Exam.FinalExam_Chetan">
        <test-method is-config="true" signature="launchBrowser()[pri:0, instance:final_Exam.FinalExam_Chetan@4fe89c24]" started-at="2022-03-31T14:55:33 GMT-04:00" name="launchBrowser" finished-at="2022-03-31T14:55:36 GMT-04:00" duration-ms="2752" status="PASS">
          <reporter-output>
          </reporter-output>
        </test-method> <!-- launchBrowser -->
        <test-method signature="LoginWithWrongusername()[pri:1, instance:final_Exam.FinalExam_Chetan@4fe89c24]" started-at="2022-03-31T14:55:36 GMT-04:00" name="LoginWithWrongusername" finished-at="2022-03-31T14:55:38 GMT-04:00" duration-ms="2746" status="PASS">
          <reporter-output>
          </reporter-output>
        </test-method> <!-- LoginWithWrongusername -->
        <test-method signature="LoginWithRightUsername()[pri:2, instance:final_Exam.FinalExam_Chetan@4fe89c24]" started-at="2022-03-31T14:55:38 GMT-04:00" name="LoginWithRightUsername" finished-at="2022-03-31T14:55:41 GMT-04:00" duration-ms="2566" status="PASS">
          <reporter-output>
          </reporter-output>
        </test-method> <!-- LoginWithRightUsername -->
        <test-method signature="sorting()[pri:3, instance:final_Exam.FinalExam_Chetan@4fe89c24]" started-at="2022-03-31T14:55:41 GMT-04:00" name="sorting" finished-at="2022-03-31T14:55:44 GMT-04:00" duration-ms="3231" status="PASS">
          <reporter-output>
          </reporter-output>
        </test-method> <!-- sorting -->
        <test-method signature="inventory()[pri:4, instance:final_Exam.FinalExam_Chetan@4fe89c24]" started-at="2022-03-31T14:55:44 GMT-04:00" name="inventory" finished-at="2022-03-31T14:55:52 GMT-04:00" duration-ms="7839" status="PASS">
          <reporter-output>
          </reporter-output>
        </test-method> <!-- inventory -->
        <test-method signature="cart()[pri:5, instance:final_Exam.FinalExam_Chetan@4fe89c24]" started-at="2022-03-31T14:55:52 GMT-04:00" name="cart" finished-at="2022-03-31T14:55:53 GMT-04:00" duration-ms="1198" status="PASS">
          <reporter-output>
          </reporter-output>
        </test-method> <!-- cart -->
        <test-method signature="removefromcart()[pri:6, instance:final_Exam.FinalExam_Chetan@4fe89c24]" started-at="2022-03-31T14:55:53 GMT-04:00" name="removefromcart" finished-at="2022-03-31T14:56:00 GMT-04:00" duration-ms="6263" status="PASS">
          <reporter-output>
          </reporter-output>
        </test-method> <!-- removefromcart -->
        <test-method signature="goingback()[pri:7, instance:final_Exam.FinalExam_Chetan@4fe89c24]" started-at="2022-03-31T14:56:00 GMT-04:00" name="goingback" finished-at="2022-03-31T14:56:04 GMT-04:00" duration-ms="4402" status="PASS">
          <reporter-output>
          </reporter-output>
        </test-method> <!-- goingback -->
        <test-method signature="checkout()[pri:8, instance:final_Exam.FinalExam_Chetan@4fe89c24]" started-at="2022-03-31T14:56:04 GMT-04:00" name="checkout" finished-at="2022-03-31T14:56:06 GMT-04:00" duration-ms="2177" status="PASS">
          <reporter-output>
          </reporter-output>
        </test-method> <!-- checkout -->
        <test-method signature="checkout1()[pri:9, instance:final_Exam.FinalExam_Chetan@4fe89c24]" started-at="2022-03-31T14:56:06 GMT-04:00" name="checkout1" finished-at="2022-03-31T14:56:08 GMT-04:00" duration-ms="2184" status="PASS">
          <reporter-output>
          </reporter-output>
        </test-method> <!-- checkout1 -->
        <test-method signature="personaldetails()[pri:10, instance:final_Exam.FinalExam_Chetan@4fe89c24]" started-at="2022-03-31T14:56:08 GMT-04:00" name="personaldetails" finished-at="2022-03-31T14:56:13 GMT-04:00" duration-ms="4833" status="PASS">
          <reporter-output>
          </reporter-output>
        </test-method> <!-- personaldetails -->
        <test-method signature="finalcheckout()[pri:11, instance:final_Exam.FinalExam_Chetan@4fe89c24]" started-at="2022-03-31T14:56:13 GMT-04:00" name="finalcheckout" finished-at="2022-03-31T14:56:15 GMT-04:00" duration-ms="1857" status="PASS">
          <reporter-output>
          </reporter-output>
        </test-method> <!-- finalcheckout -->
        <test-method is-config="true" signature="driverclose()[pri:0, instance:final_Exam.FinalExam_Chetan@4fe89c24]" started-at="2022-03-31T14:56:15 GMT-04:00" name="driverclose" finished-at="2022-03-31T14:56:18 GMT-04:00" duration-ms="3189" status="PASS">
          <reporter-output>
          </reporter-output>
        </test-method> <!-- driverclose -->
      </class> <!-- final_Exam.FinalExam_Chetan -->
    </test> <!-- Default test -->
  </suite> <!-- Default suite -->
</testng-results>
