<?xml version="1.0" encoding="UTF-8"?>
<!-- Generated by org.testng.reporters.JUnitXMLReporter -->
<testsuite ignored="0" hostname="LAPTOP-7VJFG43V" failures="0" tests="11" name="Test" time="46.285" errors="0" timestamp="2022-03-31T14:50:42 GMT-04:00">
  <testcase classname="final_Exam.FinalExam_Chetan" name="LoginWithWrongusername" time="2.413"/>
  <testcase classname="final_Exam.FinalExam_Chetan" name="LoginWithRightUsername" time="2.805"/>
  <testcase classname="final_Exam.FinalExam_Chetan" name="sorting" time="3.319"/>
  <testcase classname="final_Exam.FinalExam_Chetan" name="inventory" time="7.825"/>
  <testcase classname="final_Exam.FinalExam_Chetan" name="cart" time="1.113"/>
  <testcase classname="final_Exam.FinalExam_Chetan" name="removefromcart" time="6.274"/>
  <testcase classname="final_Exam.FinalExam_Chetan" name="goingback" time="4.358"/>
  <testcase classname="final_Exam.FinalExam_Chetan" name="checkout" time="2.119"/>
  <testcase classname="final_Exam.FinalExam_Chetan" name="checkout1" time="2.207"/>
  <testcase classname="final_Exam.FinalExam_Chetan" name="personaldetails" time="5.499"/>
  <testcase classname="final_Exam.FinalExam_Chetan" name="finalcheckout" time="2.231"/>
</testsuite> <!-- Test -->
